<?xml version="1.0" encoding="UTF-8"?>
<!-- Generated by org.testng.reporters.JUnitXMLReporter -->
<testsuite ignored="0" hostname="DESKTOP-U9882TR" failures="0" tests="4" name="test" time="30.373" errors="0" timestamp="2024-06-19T17:29:07 EEST">
  <testcase classname="Tests.DataProviderExample" name="loginTest" time="7.399"/>
  <testcase classname="Tests.DataProviderExample" name="loginTest" time="4.02"/>
  <testcase classname="Tests.DataProviderExample" name="loginTest" time="7.19"/>
  <testcase classname="Tests.DataProviderExample" name="loginTest" time="3.99"/>
</testsuite> <!-- test -->
