<?xml version="1.0" encoding="UTF-8"?>
<testng-results ignored="0" total="1" passed="1" failed="0" skipped="0">
  <reporter-output>
  </reporter-output>
  <suite started-at="2024-05-27T21:31:26 EEST" name="Default suite" finished-at="2024-05-27T21:31:38 EEST" duration-ms="11524">
    <groups>
    </groups>
    <test started-at="2024-05-27T21:31:26 EEST" name="Default test" finished-at="2024-05-27T21:31:38 EEST" duration-ms="11524">
      <class name="Tests.LoginTest">
        <test-method is-config="true" signature="setup()[pri:0, instance:Tests.LoginTest@5a56cdac]" started-at="2024-05-27T21:31:26 EEST" name="setup" finished-at="2024-05-27T21:31:32 EEST" duration-ms="5425" status="PASS">
          <reporter-output>
          </reporter-output>
        </test-method> <!-- setup -->
        <test-method signature="validLoginTest()[pri:0, instance:Tests.LoginTest@5a56cdac]" started-at="2024-05-27T21:31:32 EEST" name="validLoginTest" finished-at="2024-05-27T21:31:32 EEST" duration-ms="774" status="PASS">
          <reporter-output>
          </reporter-output>
        </test-method> <!-- validLoginTest -->
        <test-method is-config="true" signature="tearDown()[pri:0, instance:Tests.LoginTest@5a56cdac]" started-at="2024-05-27T21:31:32 EEST" name="tearDown" finished-at="2024-05-27T21:31:38 EEST" duration-ms="5277" status="PASS">
          <reporter-output>
          </reporter-output>
        </test-method> <!-- tearDown -->
      </class> <!-- Tests.LoginTest -->
    </test> <!-- Default test -->
  </suite> <!-- Default suite -->
</testng-results>
