<?xml version="1.0" encoding="UTF-8"?>
<testng-results ignored="18" total="19" passed="1" failed="0" skipped="0">
  <reporter-output>
  </reporter-output>
  <suite started-at="2024-06-17T20:16:38 EEST" name="Suite1" finished-at="2024-06-17T20:16:51 EEST" duration-ms="13648">
    <groups>
      <group name="UserManagementFunctionality">
        <method signature="ContactFormTest.sendMessageTest()[pri:0, instance:Tests.ContactFormTest@6bd61f98]" name="sendMessageTest" class="Tests.ContactFormTest"/>
      </group> <!-- UserManagementFunctionality -->
    </groups>
    <test started-at="2024-06-17T20:16:38 EEST" name="test" finished-at="2024-06-17T20:16:51 EEST" duration-ms="13648">
      <class name="Tests.ContactFormTest">
        <test-method is-config="true" signature="setup(java.lang.String)[pri:0, instance:Tests.ContactFormTest@6bd61f98]" started-at="2024-06-17T20:16:38 EEST" name="setup" finished-at="2024-06-17T20:16:42 EEST" duration-ms="4880" status="PASS">
          <params>
            <param index="0">
              <value>
                <![CDATA[https://keybooks.ro]]>
              </value>
            </param>
          </params>
          <reporter-output>
          </reporter-output>
        </test-method> <!-- setup -->
        <test-method signature="sendMessageTest()[pri:0, instance:Tests.ContactFormTest@6bd61f98]" started-at="2024-06-17T20:16:42 EEST" name="sendMessageTest" finished-at="2024-06-17T20:16:46 EEST" duration-ms="3455" status="PASS">
          <reporter-output>
          </reporter-output>
        </test-method> <!-- sendMessageTest -->
        <test-method is-config="true" signature="tearDown()[pri:0, instance:Tests.ContactFormTest@6bd61f98]" started-at="2024-06-17T20:16:46 EEST" name="tearDown" finished-at="2024-06-17T20:16:51 EEST" duration-ms="5262" status="PASS">
          <reporter-output>
          </reporter-output>
        </test-method> <!-- tearDown -->
      </class> <!-- Tests.ContactFormTest -->
    </test> <!-- test -->
  </suite> <!-- Suite1 -->
</testng-results>
